<?xml version="1.0" encoding="UTF-8"?>
<!-- Generated by org.testng.reporters.JUnitReportReporter -->
<testsuite skipped="0" hostname="Harrisons-iMac.local" name="webdriverMaven.LoginTest" tests="1" failures="0" timestamp="19 Aug 2020 02:48:56 GMT" time="3.243" errors="0">
  <testcase name="doLogin" time="3.243" classname="webdriverMaven.LoginTest"/>
</testsuite> <!-- webdriverMaven.LoginTest -->
